# JRE version: OpenJDK Runtime Environment (8.0_242-b01) (build 1.8.0_242-release-1644-b01)
# Java VM: OpenJDK 64-Bit Server VM (25.242-b01 mixed mode windows-amd64 compressed oops)
Heap:
 PSYoungGen      total 617472K, used 23215K [0x00000000d5580000, 0x00000000fff00000, 0x0000000100000000)
  eden space 539648K, 0% used [0x00000000d5580000,0x00000000d5580000,0x00000000f6480000)
  from space 77824K, 29% used [0x00000000f6480000,0x00000000f7b2bcb0,0x00000000fb080000)
  to   space 76288K, 0% used [0x00000000fb480000,0x00000000fb480000,0x00000000fff00000)
 ParOldGen       total 202240K, used 179938K [0x0000000080000000, 0x000000008c580000, 0x00000000d5580000)
  object space 202240K, 88% used [0x0000000080000000,0x000000008afb89b0,0x000000008c580000)
 Metaspace       used 190128K, capacity 201622K, committed 201932K, reserved 1224704K
  class space    used 24288K, capacity 26152K, committed 26316K, reserved 1048576K
GC Heap History (10 events):
Event: 17997.546 GC heap after
Heap after GC invocations=38 (full 5):
 PSYoungGen      total 508928K, used 66044K [0x00000000d5580000, 0x00000000f9a00000, 0x0000000100000000)
  eden space 442880K, 0% used [0x00000000d5580000,0x00000000d5580000,0x00000000f0600000)
  from space 66048K, 99% used [0x00000000f1d80000,0x00000000f5dff348,0x00000000f5e00000)
  to   space 61440K, 0% used [0x00000000f5e00000,0x00000000f5e00000,0x00000000f9a00000)
 ParOldGen       total 202240K, used 105779K [0x0000000080000000, 0x000000008c580000, 0x00000000d5580000)
  object space 202240K, 52% used [0x0000000080000000,0x000000008674cdb8,0x000000008c580000)
 Metaspace       used 189778K, capacity 201242K, committed 201420K, reserved 1224704K
  class space    used 24271K, capacity 26148K, committed 26316K, reserved 1048576K
}
Event: 17998.084 GC heap before
{Heap before GC invocations=39 (full 5):
 PSYoungGen      total 508928K, used 508924K [0x00000000d5580000, 0x00000000f9a00000, 0x0000000100000000)
  eden space 442880K, 100% used [0x00000000d5580000,0x00000000f0600000,0x00000000f0600000)
  from space 66048K, 99% used [0x00000000f1d80000,0x00000000f5dff348,0x00000000f5e00000)
  to   space 61440K, 0% used [0x00000000f5e00000,0x00000000f5e00000,0x00000000f9a00000)
 ParOldGen       total 202240K, used 105779K [0x0000000080000000, 0x000000008c580000, 0x00000000d5580000)
  object space 202240K, 52% used [0x0000000080000000,0x000000008674cdb8,0x000000008c580000)
 Metaspace       used 189931K, capacity 201390K, committed 201676K, reserved 1224704K
  class space    used 24283K, capacity 26150K, committed 26316K, reserved 1048576K
Event: 17998.171 GC heap after
Heap after GC invocations=39 (full 5):
 PSYoungGen      total 514560K, used 56517K [0x00000000d5580000, 0x0000000100000000, 0x0000000100000000)
  eden space 453120K, 0% used [0x00000000d5580000,0x00000000d5580000,0x00000000f1000000)
  from space 61440K, 91% used [0x00000000f5e00000,0x00000000f9531458,0x00000000f9a00000)
  to   space 79872K, 0% used [0x00000000f1000000,0x00000000f1000000,0x00000000f5e00000)
 ParOldGen       total 202240K, used 123513K [0x0000000080000000, 0x000000008c580000, 0x00000000d5580000)
  object space 202240K, 61% used [0x0000000080000000,0x000000008789e458,0x000000008c580000)
 Metaspace       used 189931K, capacity 201390K, committed 201676K, reserved 1224704K
  class space    used 24283K, capacity 26150K, committed 26316K, reserved 1048576K
}
Event: 17998.645 GC heap before
{Heap before GC invocations=40 (full 5):
 PSYoungGen      total 514560K, used 509637K [0x00000000d5580000, 0x0000000100000000, 0x0000000100000000)
  eden space 453120K, 100% used [0x00000000d5580000,0x00000000f1000000,0x00000000f1000000)
  from space 61440K, 91% used [0x00000000f5e00000,0x00000000f9531458,0x00000000f9a00000)
  to   space 79872K, 0% used [0x00000000f1000000,0x00000000f1000000,0x00000000f5e00000)
 ParOldGen       total 202240K, used 123513K [0x0000000080000000, 0x000000008c580000, 0x00000000d5580000)
  object space 202240K, 61% used [0x0000000080000000,0x000000008789e458,0x000000008c580000)
 Metaspace       used 190056K, capacity 201554K, committed 201932K, reserved 1224704K
  class space    used 24285K, capacity 26152K, committed 26316K, reserved 1048576K
Event: 17998.705 GC heap after
Heap after GC invocations=40 (full 5):
 PSYoungGen      total 532992K, used 48481K [0x00000000d5580000, 0x0000000100000000, 0x0000000100000000)
  eden space 453120K, 0% used [0x00000000d5580000,0x00000000d5580000,0x00000000f1000000)
  from space 79872K, 60% used [0x00000000f1000000,0x00000000f3f586b8,0x00000000f5e00000)
  to   space 79360K, 0% used [0x00000000fb280000,0x00000000fb280000,0x0000000100000000)
 ParOldGen       total 202240K, used 137383K [0x0000000080000000, 0x000000008c580000, 0x00000000d5580000)
  object space 202240K, 67% used [0x0000000080000000,0x0000000088629c28,0x000000008c580000)
 Metaspace       used 190056K, capacity 201554K, committed 201932K, reserved 1224704K
  class space    used 24285K, capacity 26152K, committed 26316K, reserved 1048576K
}
Event: 18000.584 GC heap before
{Heap before GC invocations=41 (full 5):
 PSYoungGen      total 532992K, used 501601K [0x00000000d5580000, 0x0000000100000000, 0x0000000100000000)
  eden space 453120K, 100% used [0x00000000d5580000,0x00000000f1000000,0x00000000f1000000)
  from space 79872K, 60% used [0x00000000f1000000,0x00000000f3f586b8,0x00000000f5e00000)
  to   space 79360K, 0% used [0x00000000fb280000,0x00000000fb280000,0x0000000100000000)
 ParOldGen       total 202240K, used 137383K [0x0000000080000000, 0x000000008c580000, 0x00000000d5580000)
  object space 202240K, 67% used [0x0000000080000000,0x0000000088629c28,0x000000008c580000)
 Metaspace       used 190074K, capacity 201554K, committed 201932K, reserved 1224704K
  class space    used 24286K, capacity 26152K, committed 26316K, reserved 1048576K
Event: 18000.637 GC heap after
Heap after GC invocations=41 (full 5):
 PSYoungGen      total 615424K, used 23321K [0x00000000d5580000, 0x00000000ffc80000, 0x0000000100000000)
  eden space 539648K, 0% used [0x00000000d5580000,0x00000000d5580000,0x00000000f6480000)
  from space 75776K, 30% used [0x00000000fb280000,0x00000000fc9467f8,0x00000000ffc80000)
  to   space 77824K, 0% used [0x00000000f6480000,0x00000000f6480000,0x00000000fb080000)
 ParOldGen       total 202240K, used 160113K [0x0000000080000000, 0x000000008c580000, 0x00000000d5580000)
  object space 202240K, 79% used [0x0000000080000000,0x0000000089c5c670,0x000000008c580000)
 Metaspace       used 190074K, capacity 201554K, committed 201932K, reserved 1224704K
  class space    used 24286K, capacity 26152K, committed 26316K, reserved 1048576K
}
Event: 18002.098 GC heap before
{Heap before GC invocations=42 (full 5):
 PSYoungGen      total 615424K, used 562969K [0x00000000d5580000, 0x00000000ffc80000, 0x0000000100000000)
  eden space 539648K, 100% used [0x00000000d5580000,0x00000000f6480000,0x00000000f6480000)
  from space 75776K, 30% used [0x00000000fb280000,0x00000000fc9467f8,0x00000000ffc80000)
  to   space 77824K, 0% used [0x00000000f6480000,0x00000000f6480000,0x00000000fb080000)
 ParOldGen       total 202240K, used 160113K [0x0000000080000000, 0x000000008c580000, 0x00000000d5580000)
  object space 202240K, 79% used [0x0000000080000000,0x0000000089c5c670,0x000000008c580000)
 Metaspace       used 190128K, capacity 201622K, committed 201932K, reserved 1224704K
  class space    used 24288K, capacity 26152K, committed 26316K, reserved 1048576K
Event: 18002.282 GC heap after
Heap after GC invocations=42 (full 5):
 PSYoungGen      total 617472K, used 23215K [0x00000000d5580000, 0x00000000fff00000, 0x0000000100000000)
  eden space 539648K, 0% used [0x00000000d5580000,0x00000000d5580000,0x00000000f6480000)
  from space 77824K, 29% used [0x00000000f6480000,0x00000000f7b2bcb0,0x00000000fb080000)
  to   space 76288K, 0% used [0x00000000fb480000,0x00000000fb480000,0x00000000fff00000)
 ParOldGen       total 202240K, used 179938K [0x0000000080000000, 0x000000008c580000, 0x00000000d5580000)
  object space 202240K, 88% used [0x0000000080000000,0x000000008afb89b0,0x000000008c580000)
 Metaspace       used 190128K, capacity 201622K, committed 201932K, reserved 1224704K
  class space    used 24288K, capacity 26152K, committed 26316K, reserved 1048576K
}
Event: 18002.282 GC heap before
{Heap before GC invocations=43 (full 6):
 PSYoungGen      total 617472K, used 23215K [0x00000000d5580000, 0x00000000fff00000, 0x0000000100000000)
  eden space 539648K, 0% used [0x00000000d5580000,0x00000000d5580000,0x00000000f6480000)
  from space 77824K, 29% used [0x00000000f6480000,0x00000000f7b2bcb0,0x00000000fb080000)
  to   space 76288K, 0% used [0x00000000fb480000,0x00000000fb480000,0x00000000fff00000)
 ParOldGen       total 202240K, used 179938K [0x0000000080000000, 0x000000008c580000, 0x00000000d5580000)
  object space 202240K, 88% used [0x0000000080000000,0x000000008afb89b0,0x000000008c580000)
 Metaspace       used 190128K, capacity 201622K, committed 201932K, reserved 1224704K
  class space    used 24288K, capacity 26152K, committed 26316K, reserved 1048576K

